\BOOKMARK [0][-]{figure.caption.1}{\376\377\000L\000E\000M\000B\000A\000R\000\040\000P\000E\000N\000G\000E\000S\000A\000H\000A\000N}{}% 1
\BOOKMARK [0][-]{chapter*.2}{\376\377\000P\000E\000R\000N\000Y\000A\000T\000A\000A\000N\000\040\000K\000E\000A\000S\000L\000I\000A\000N\000\040\000T\000E\000S\000I\000S}{}% 2
\BOOKMARK [0][-]{chapter*.2}{\376\377\000K\000A\000T\000A\000\040\000P\000E\000N\000G\000A\000N\000T\000A\000R}{}% 3
\BOOKMARK [0][-]{chapter*.3}{\376\377\000D\000A\000F\000T\000A\000R\000\040\000G\000A\000M\000B\000A\000R}{}% 4
\BOOKMARK [0][-]{chapter*.4}{\376\377\000D\000A\000F\000T\000A\000R\000\040\000T\000A\000B\000E\000L}{}% 5
\BOOKMARK [0][-]{chapter*.5}{\376\377\000N\000O\000M\000E\000N\000K\000L\000A\000T\000U\000R}{}% 6
\BOOKMARK [0][-]{chapter.1}{\376\377\0001\000\040\000P\000E\000N\000D\000A\000H\000U\000L\000U\000A\000N}{}% 7
\BOOKMARK [1][-]{section.1.1}{\376\377\0001\000.\0001\000\040\000L\000a\000t\000a\000r\000\040\000B\000e\000l\000a\000k\000a\000n\000g}{chapter.1}% 8
\BOOKMARK [1][-]{section.1.2}{\376\377\0001\000.\0002\000\040\000R\000u\000m\000u\000s\000a\000n\000\040\000M\000a\000s\000a\000l\000a\000h}{chapter.1}% 9
\BOOKMARK [1][-]{section.1.3}{\376\377\0001\000.\0003\000\040\000T\000u\000j\000u\000a\000n}{chapter.1}% 10
\BOOKMARK [1][-]{section.1.4}{\376\377\0001\000.\0004\000\040\000B\000a\000t\000a\000s\000a\000n\000\040\000M\000a\000s\000a\000l\000a\000h}{chapter.1}% 11
\BOOKMARK [1][-]{section.1.5}{\376\377\0001\000.\0005\000\040\000M\000a\000n\000f\000a\000a\000t}{chapter.1}% 12
\BOOKMARK [1][-]{section.1.6}{\376\377\0001\000.\0006\000\040\000S\000i\000s\000t\000e\000m\000a\000t\000i\000k\000a\000\040\000P\000e\000n\000u\000l\000i\000s\000a\000n}{chapter.1}% 13
\BOOKMARK [0][-]{chapter.2}{\376\377\0002\000\040\000K\000A\000J\000I\000A\000N\000\040\000P\000U\000S\000T\000A\000K\000A}{}% 14
\BOOKMARK [1][-]{section.2.1}{\376\377\0002\000.\0001\000\040\000C\000o\000v\000i\000d\000-\0001\0009}{chapter.2}% 15
\BOOKMARK [2][-]{subsection.2.1.1}{\376\377\0002\000.\0001\000.\0001\000\040\000C\000a\000r\000a\000\040\000P\000e\000n\000u\000l\000a\000r\000a\000n}{section.2.1}% 16
\BOOKMARK [2][-]{subsection.2.1.2}{\376\377\0002\000.\0001\000.\0002\000\040\000E\000p\000i\000d\000e\000m\000i\000o\000l\000o\000g\000i}{section.2.1}% 17
\BOOKMARK [2][-]{subsection.2.1.3}{\376\377\0002\000.\0001\000.\0003\000\040\000D\000a\000m\000p\000a\000k\000\040\000C\000o\000v\000i\000d\000-\0001\0009}{section.2.1}% 18
\BOOKMARK [2][-]{subsection.2.1.4}{\376\377\0002\000.\0001\000.\0004\000\040\000C\000a\000r\000a\000\040\000P\000e\000n\000a\000n\000g\000g\000u\000l\000a\000n\000g\000a\000n}{section.2.1}% 19
\BOOKMARK [1][-]{section.2.2}{\376\377\0002\000.\0002\000\040\000M\000a\000c\000h\000i\000n\000e\000\040\000L\000e\000a\000r\000n\000i\000n\000g}{chapter.2}% 20
\BOOKMARK [2][-]{subsection.2.2.1}{\376\377\0002\000.\0002\000.\0001\000\040\000S\000u\000p\000e\000r\000v\000i\000s\000e\000d\000\040\000L\000e\000a\000r\000n\000i\000n\000g}{section.2.2}% 21
\BOOKMARK [2][-]{subsection.2.2.2}{\376\377\0002\000.\0002\000.\0002\000\040\000U\000n\000s\000u\000p\000e\000r\000v\000i\000s\000e\000d\000\040\000L\000e\000a\000r\000n\000i\000n\000g}{section.2.2}% 22
\BOOKMARK [2][-]{subsection.2.2.3}{\376\377\0002\000.\0002\000.\0003\000\040\000R\000e\000i\000n\000f\000o\000r\000c\000e\000m\000e\000n\000t\000\040\000L\000e\000a\000r\000n\000i\000n\000g}{section.2.2}% 23
\BOOKMARK [1][-]{section.2.3}{\376\377\0002\000.\0003\000\040\000D\000e\000e\000p\000\040\000L\000e\000a\000r\000n\000i\000n\000g}{chapter.2}% 24
\BOOKMARK [1][-]{section.2.4}{\376\377\0002\000.\0004\000\040\000A\000r\000t\000i\000f\000i\000c\000i\000a\000l\000\040\000N\000e\000u\000r\000a\000l\000\040\000N\000e\000t\000w\000o\000r\000k}{chapter.2}% 25
\BOOKMARK [1][-]{section.2.5}{\376\377\0002\000.\0005\000\040\000C\000o\000n\000v\000o\000l\000u\000t\000i\000o\000n\000a\000l\000\040\000N\000e\000u\000r\000a\000l\000\040\000N\000e\000t\000w\000o\000r\000k}{chapter.2}% 26
\BOOKMARK [2][-]{subsection.2.5.1}{\376\377\0002\000.\0005\000.\0001\000\040\000K\000o\000n\000v\000o\000l\000u\000s\000i}{section.2.5}% 27
\BOOKMARK [2][-]{subsection.2.5.2}{\376\377\0002\000.\0005\000.\0002\000\040\000P\000o\000o\000l\000i\000n\000g}{section.2.5}% 28
\BOOKMARK [1][-]{section.2.6}{\376\377\0002\000.\0006\000\040\000D\000e\000t\000e\000k\000s\000i\000\040\000O\000b\000j\000e\000k}{chapter.2}% 29
\BOOKMARK [2][-]{subsection.2.6.1}{\376\377\0002\000.\0006\000.\0001\000\040\000T\000w\000o\000-\000S\000t\000a\000g\000e\000\040\000O\000b\000j\000e\000c\000t\000\040\000D\000e\000t\000e\000c\000t\000o\000r\000s}{section.2.6}% 30
\BOOKMARK [2][-]{subsection.2.6.2}{\376\377\0002\000.\0006\000.\0002\000\040\000S\000i\000n\000g\000l\000e\000-\000S\000t\000a\000g\000e\000\040\000O\000b\000j\000e\000c\000t\000\040\000D\000e\000t\000e\000c\000t\000o\000r}{section.2.6}% 31
\BOOKMARK [1][-]{section.2.7}{\376\377\0002\000.\0007\000\040\000A\000l\000g\000o\000r\000i\000t\000m\000a\000\040\000D\000e\000t\000e\000k\000s\000i\000\040\000O\000b\000j\000e\000k\000\040\000M\000a\000s\000k\000\040\000R\000-\000C\000N\000N}{chapter.2}% 32
\BOOKMARK [1][-]{section.2.8}{\376\377\0002\000.\0008\000\040\000M\000e\000t\000o\000d\000e\000\040\000A\000n\000a\000l\000i\000s\000a\000\040\000P\000e\000r\000f\000o\000r\000m\000a\000\040\000M\000o\000d\000e\000l}{chapter.2}% 33
\BOOKMARK [2][-]{subsection.2.8.1}{\376\377\0002\000.\0008\000.\0001\000\040\000R\000e\000c\000a\000l\000l}{section.2.8}% 34
\BOOKMARK [2][-]{subsection.2.8.2}{\376\377\0002\000.\0008\000.\0002\000\040\000P\000r\000e\000c\000i\000s\000i\000o\000n}{section.2.8}% 35
\BOOKMARK [2][-]{subsection.2.8.3}{\376\377\0002\000.\0008\000.\0003\000\040\000m\000A\000P\000@\0005\0000}{section.2.8}% 36
\BOOKMARK [2][-]{subsection.2.8.4}{\376\377\0002\000.\0008\000.\0004\000\040\000F\0001\000-\000S\000c\000o\000r\000e}{section.2.8}% 37
\BOOKMARK [2][-]{subsection.2.8.5}{\376\377\0002\000.\0008\000.\0005\000\040\000C\000o\000n\000f\000u\000s\000i\000o\000n\000\040\000M\000a\000t\000r\000i\000x}{section.2.8}% 38
\BOOKMARK [0][-]{chapter.3}{\376\377\0003\000\040\000M\000E\000T\000O\000D\000O\000L\000O\000G\000I}{}% 39
\BOOKMARK [1][-]{section.3.1}{\376\377\0003\000.\0001\000\040\000P\000e\000m\000b\000e\000n\000t\000u\000k\000a\000n\000\040\000D\000a\000t\000a\000s\000e\000t}{chapter.3}% 40
\BOOKMARK [2][-]{subsection.3.1.1}{\376\377\0003\000.\0001\000.\0001\000\040\000P\000e\000n\000g\000u\000m\000p\000u\000l\000a\000n\000\040\000D\000a\000t\000a}{section.3.1}% 41
\BOOKMARK [2][-]{subsection.3.1.2}{\376\377\0003\000.\0001\000.\0002\000\040\000A\000n\000o\000t\000a\000s\000i\000\040\000D\000a\000t\000a}{section.3.1}% 42
\BOOKMARK [1][-]{section.3.2}{\376\377\0003\000.\0002\000\040\000D\000a\000t\000a\000\040\000P\000r\000e\000p\000r\000o\000c\000e\000s\000s\000i\000n\000g}{chapter.3}% 43
\BOOKMARK [2][-]{subsection.3.2.1}{\376\377\0003\000.\0002\000.\0001\000\040\000P\000e\000m\000b\000u\000a\000t\000a\000n\000\040\000B\000o\000u\000n\000d\000i\000n\000g\000\040\000B\000o\000x}{section.3.2}% 44
\BOOKMARK [2][-]{subsection.3.2.2}{\376\377\0003\000.\0002\000.\0002\000\040\000P\000e\000n\000g\000u\000b\000a\000h\000a\000n\000\040\000U\000k\000u\000r\000a\000n\000\040\000G\000a\000m\000b\000a\000r}{section.3.2}% 45
\BOOKMARK [2][-]{subsection.3.2.3}{\376\377\0003\000.\0002\000.\0003\000\040\000P\000e\000m\000b\000e\000n\000t\000u\000k\000a\000n\000\040\000M\000i\000n\000i\000\040\000M\000a\000s\000k}{section.3.2}% 46
\BOOKMARK [1][-]{section.3.3}{\376\377\0003\000.\0003\000\040\000E\000k\000s\000t\000r\000a\000k\000s\000i\000\040\000F\000i\000t\000u\000r}{chapter.3}% 47
\BOOKMARK [2][-]{subsection.3.3.1}{\376\377\0003\000.\0003\000.\0001\000\040\000P\000e\000m\000b\000u\000a\000t\000a\000n\000\040\000A\000n\000c\000h\000o\000r\000\040\000B\000o\000x}{section.3.3}% 48
\BOOKMARK [2][-]{subsection.3.3.2}{\376\377\0003\000.\0003\000.\0002\000\040\000P\000r\000e\000d\000i\000k\000s\000i\000\040\000R\000P\000N}{section.3.3}% 49
\BOOKMARK [2][-]{subsection.3.3.3}{\376\377\0003\000.\0003\000.\0003\000\040\000P\000e\000m\000b\000u\000a\000t\000a\000n\000\040\000F\000e\000a\000t\000u\000r\000e\000\040\000M\000a\000p}{section.3.3}% 50
\BOOKMARK [1][-]{section.3.4}{\376\377\0003\000.\0004\000\040\000P\000r\000o\000s\000e\000s\000\040\000T\000r\000a\000i\000n\000i\000n\000g}{chapter.3}% 51
\BOOKMARK [1][-]{section.3.5}{\376\377\0003\000.\0005\000\040\000P\000r\000o\000s\000e\000s\000\040\000P\000e\000n\000g\000u\000j\000i\000a\000n}{chapter.3}% 52
\BOOKMARK [1][-]{section.3.6}{\376\377\0003\000.\0006\000\040\000A\000n\000a\000l\000i\000s\000a\000\040\000P\000e\000r\000f\000o\000r\000m\000a}{chapter.3}% 53
\BOOKMARK [0][-]{chapter.4}{\376\377\0004\000\040\000P\000E\000N\000G\000U\000J\000I\000A\000N}{}% 54
\BOOKMARK [1][-]{section.4.1}{\376\377\0004\000.\0001\000\040\000H\000a\000s\000i\000l\000\040\000P\000e\000m\000b\000u\000a\000t\000a\000n\000\040\000D\000a\000t\000a\000s\000e\000t}{chapter.4}% 55
\BOOKMARK [1][-]{section.4.2}{\376\377\0004\000.\0002\000\040\000H\000a\000s\000i\000l\000\040\000P\000r\000e\000p\000r\000o\000c\000e\000s\000s\000i\000n\000g\000\040\000D\000a\000t\000a}{chapter.4}% 56
\BOOKMARK [2][-]{subsection.4.2.1}{\376\377\0004\000.\0002\000.\0001\000\040\000H\000a\000s\000i\000l\000\040\000P\000e\000m\000b\000u\000a\000t\000a\000n\000\040\000B\000o\000u\000n\000d\000i\000n\000g\000\040\000B\000o\000x}{section.4.2}% 57
\BOOKMARK [2][-]{subsection.4.2.2}{\376\377\0004\000.\0002\000.\0002\000\040\000H\000a\000s\000i\000l\000\040\000P\000e\000n\000g\000u\000b\000a\000h\000a\000n\000\040\000U\000k\000u\000r\000a\000n\000\040\000G\000a\000m\000b\000a\000r}{section.4.2}% 58
\BOOKMARK [2][-]{subsection.4.2.3}{\376\377\0004\000.\0002\000.\0003\000\040\000H\000a\000s\000i\000l\000\040\000P\000e\000m\000b\000u\000a\000t\000a\000n\000\040\000M\000i\000n\000i\000\040\000M\000a\000s\000k}{section.4.2}% 59
\BOOKMARK [1][-]{section.4.3}{\376\377\0004\000.\0003\000\040\000H\000a\000s\000i\000l\000\040\000F\000e\000a\000t\000u\000r\000e\000\040\000E\000x\000t\000r\000a\000c\000t\000i\000o\000n}{chapter.4}% 60
\BOOKMARK [2][-]{subsection.4.3.1}{\376\377\0004\000.\0003\000.\0001\000\040\000H\000a\000s\000i\000l\000\040\000P\000e\000m\000b\000u\000a\000t\000a\000n\000\040\000A\000n\000c\000h\000o\000r\000\040\000B\000o\000x}{section.4.3}% 61
\BOOKMARK [2][-]{subsection.4.3.2}{\376\377\0004\000.\0003\000.\0002\000\040\000H\000a\000s\000i\000l\000\040\000P\000r\000e\000d\000i\000k\000s\000i\000\040\000R\000P\000N\000\040\000d\000a\000n\000\040\000P\000e\000m\000b\000u\000a\000t\000a\000n\000\040\000F\000e\000a\000t\000u\000r\000e\000\040\000M\000a\000p}{section.4.3}% 62
\BOOKMARK [2][-]{subsection.4.3.3}{\376\377\0004\000.\0003\000.\0003\000\040\000H\000a\000s\000i\000l\000\040\000T\000r\000a\000i\000n\000i\000n\000g}{section.4.3}% 63
\BOOKMARK [2][-]{subsection.4.3.4}{\376\377\0004\000.\0003\000.\0004\000\040\000H\000a\000s\000i\000l\000\040\000P\000e\000n\000g\000u\000j\000i\000a\000n\000\040\000p\000a\000d\000a\000\040\000T\000e\000s\000t\000\040\000D\000a\000t\000a\000s\000e\000t}{section.4.3}% 64
\BOOKMARK [0][-]{chapter.5}{\376\377\0005\000\040\000P\000E\000N\000U\000T\000U\000P}{}% 65
\BOOKMARK [1][-]{section.5.1}{\376\377\0005\000.\0001\000\040\000K\000e\000s\000i\000m\000p\000u\000l\000a\000n}{chapter.5}% 66
\BOOKMARK [1][-]{section.5.2}{\376\377\0005\000.\0002\000\040\000S\000a\000r\000a\000n}{chapter.5}% 67
\BOOKMARK [0][-]{section.5.2}{\376\377\000D\000a\000f\000t\000a\000r\000\040\000P\000u\000s\000t\000a\000k\000a}{}% 68
\BOOKMARK [0][-]{appendix*.60}{\376\377\000B\000i\000o\000d\000a\000t\000a\000\040\000P\000e\000n\000u\000l\000i\000s}{}% 69
