This is pdfTeX, Version 3.141592653-2.6-1.40.23 (TeX Live 2021/W32TeX) (preloaded format=pdflatex 2022.2.15)  29 APR 2022 15:07
entering extended mode
 restricted \write18 enabled.
 file:line:error style messages enabled.
 %&-line parsing enabled.
**"e:/21. Coding Tesis/7. Buku/24. Lukas Purba W Thesis Format S2/Template Disertasi-Tesis-Proposal Elektro ITS.tex"
(e:/21. Coding Tesis/7. Buku/24. Lukas Purba W Thesis Format S2/Template Disertasi-Tesis-Proposal Elektro ITS.tex
LaTeX2e <2021-11-15> patch level 1
L3 programming layer <2022-02-05> (d:/texlive/2021/texmf-dist/tex/latex/base/report.cls
Document Class: report 2021/10/04 v1.4n Standard LaTeX document class
(d:/texlive/2021/texmf-dist/tex/latex/base/size12.clo
File: size12.clo 2021/10/04 v1.4n Standard LaTeX file (size option)
)
\c@part=\count185
\c@chapter=\count186
\c@section=\count187
\c@subsection=\count188
\c@subsubsection=\count189
\c@paragraph=\count190
\c@subparagraph=\count191
\c@figure=\count192
\c@table=\count193
\abovecaptionskip=\skip47
\belowcaptionskip=\skip48
\bibindent=\dimen138
) (./lib/init.tex (d:/texlive/2021/texmf-dist/tex/generic/babel/babel.sty
Package: babel 2022/02/13 3.71 The Babel package
\babel@savecnt=\count194
\U@D=\dimen139
\l@unhyphenated=\language87
 (d:/texlive/2021/texmf-dist/tex/generic/babel/txtbabel.def)
\bbl@readstream=\read2
\bbl@dirlevel=\count195
 (d:/texlive/2021/texmf-dist/tex/generic/babel-indonesian/bahasa.ldf
Language: bahasa 2017/02/15 v1.0m Bahasa Indonesia support from the babel system
 (d:/texlive/2021/texmf-dist/tex/generic/babel-indonesian/indonesian.ldf
Language: indonesian 2017/02/15 v1.0m Bahasa Indonesia support from the babel system
)) (d:/texlive/2021/texmf-dist/tex/generic/babel-indonesian/indonesian.ldf
Language: indonesian 2017/02/15 v1.0m Bahasa Indonesia support from the babel system
)) (d:/texlive/2021/texmf-dist/tex/latex/hyperref/hyperref.sty
Package: hyperref 2021-06-07 v7.00m Hypertext links for LaTeX
 (d:/texlive/2021/texmf-dist/tex/generic/ltxcmds/ltxcmds.sty
Package: ltxcmds 2020-05-10 v1.25 LaTeX kernel commands for general use (HO)
) (d:/texlive/2021/texmf-dist/tex/generic/iftex/iftex.sty
Package: iftex 2022/02/03 v1.0f TeX engine tests
) (d:/texlive/2021/texmf-dist/tex/generic/pdftexcmds/pdftexcmds.sty
Package: pdftexcmds 2020-06-27 v0.33 Utility functions of pdfTeX for LuaTeX (HO)
 (d:/texlive/2021/texmf-dist/tex/generic/infwarerr/infwarerr.sty
Package: infwarerr 2019/12/03 v1.5 Providing info/warning/error messages (HO)
)
Package pdftexcmds Info: \pdf@primitive is available.
Package pdftexcmds Info: \pdf@ifprimitive is available.
Package pdftexcmds Info: \pdfdraftmode found.
) (d:/texlive/2021/texmf-dist/tex/latex/graphics/keyval.sty
Package: keyval 2014/10/28 v1.15 key=value parser (DPC)
\KV@toks@=\toks16
) (d:/texlive/2021/texmf-dist/tex/generic/kvsetkeys/kvsetkeys.sty
Package: kvsetkeys 2019/12/15 v1.18 Key value parser (HO)
) (d:/texlive/2021/texmf-dist/tex/generic/kvdefinekeys/kvdefinekeys.sty
Package: kvdefinekeys 2019-12-19 v1.6 Define keys (HO)
) (d:/texlive/2021/texmf-dist/tex/generic/pdfescape/pdfescape.sty
Package: pdfescape 2019/12/09 v1.15 Implements pdfTeX's escape features (HO)
) (d:/texlive/2021/texmf-dist/tex/latex/hycolor/hycolor.sty
Package: hycolor 2020-01-27 v1.10 Color options for hyperref/bookmark (HO)
) (d:/texlive/2021/texmf-dist/tex/latex/letltxmacro/letltxmacro.sty
Package: letltxmacro 2019/12/03 v1.6 Let assignment for LaTeX macros (HO)
) (d:/texlive/2021/texmf-dist/tex/latex/auxhook/auxhook.sty
Package: auxhook 2019-12-17 v1.6 Hooks for auxiliary files (HO)
) (d:/texlive/2021/texmf-dist/tex/latex/kvoptions/kvoptions.sty
Package: kvoptions 2020-10-07 v3.14 Key value format for package options (HO)
)
\@linkdim=\dimen140
\Hy@linkcounter=\count196
\Hy@pagecounter=\count197
 (d:/texlive/2021/texmf-dist/tex/latex/hyperref/pd1enc.def
File: pd1enc.def 2021-06-07 v7.00m Hyperref: PDFDocEncoding definition (HO)
Now handling font encoding PD1 ...
... no UTF-8 mapping file for font encoding PD1
) (d:/texlive/2021/texmf-dist/tex/latex/hyperref/hyperref-langpatches.def
File: hyperref-langpatches.def 2021-06-07 v7.00m Hyperref: patches for babel languages
) (d:/texlive/2021/texmf-dist/tex/generic/intcalc/intcalc.sty
Package: intcalc 2019/12/15 v1.3 Expandable calculations with integers (HO)
) (d:/texlive/2021/texmf-dist/tex/generic/etexcmds/etexcmds.sty
Package: etexcmds 2019/12/15 v1.7 Avoid name clashes with e-TeX commands (HO)
)
\Hy@SavedSpaceFactor=\count198
 (d:/texlive/2021/texmf-dist/tex/latex/hyperref/puenc.def
File: puenc.def 2021-06-07 v7.00m Hyperref: PDF Unicode definition (HO)
Now handling font encoding PU ...
... no UTF-8 mapping file for font encoding PU
)
Package hyperref Info: Option `bookmarksnumbered' set `true' on input line 4073.
Package hyperref Info: Hyper figures OFF on input line 4192.
Package hyperref Info: Link nesting OFF on input line 4197.
Package hyperref Info: Hyper index ON on input line 4200.
Package hyperref Info: Plain pages OFF on input line 4207.
Package hyperref Info: Backreferencing OFF on input line 4212.
Package hyperref Info: Implicit mode ON; LaTeX internals redefined.
Package hyperref Info: Bookmarks ON on input line 4445.
\c@Hy@tempcnt=\count199
 (d:/texlive/2021/texmf-dist/tex/latex/url/url.sty
\Urlmuskip=\muskip16
Package: url 2013/09/16  ver 3.4  Verb mode for urls, etc.
)
LaTeX Info: Redefining \url on input line 4804.
\XeTeXLinkMargin=\dimen141
 (d:/texlive/2021/texmf-dist/tex/generic/bitset/bitset.sty
Package: bitset 2019/12/09 v1.3 Handle bit-vector datatype (HO)
 (d:/texlive/2021/texmf-dist/tex/generic/bigintcalc/bigintcalc.sty
Package: bigintcalc 2019/12/15 v1.5 Expandable calculations on big integers (HO)
))
\Fld@menulength=\count266
\Field@Width=\dimen142
\Fld@charsize=\dimen143
Package hyperref Info: Hyper figures OFF on input line 6076.
Package hyperref Info: Link nesting OFF on input line 6081.
Package hyperref Info: Hyper index ON on input line 6084.
Package hyperref Info: backreferencing OFF on input line 6091.
Package hyperref Info: Link coloring OFF on input line 6096.
Package hyperref Info: Link coloring with OCG OFF on input line 6101.
Package hyperref Info: PDF/A mode OFF on input line 6106.
LaTeX Info: Redefining \ref on input line 6146.
LaTeX Info: Redefining \pageref on input line 6150.
 (d:/texlive/2021/texmf-dist/tex/latex/base/atbegshi-ltx.sty
Package: atbegshi-ltx 2021/01/10 v1.0c Emulation of the original atbegshi
package with kernel methods
)
\Hy@abspage=\count267
\c@Item=\count268
\c@Hfootnote=\count269
)
Package hyperref Info: Driver (autodetected): hpdftex.
 (d:/texlive/2021/texmf-dist/tex/latex/hyperref/hpdftex.def
File: hpdftex.def 2021-06-07 v7.00m Hyperref driver for pdfTeX
 (d:/texlive/2021/texmf-dist/tex/latex/base/atveryend-ltx.sty
Package: atveryend-ltx 2020/08/19 v1.0a Emulation of the original atveryend package
with kernel methods
)
\Fld@listcount=\count270
\c@bookmark@seq@number=\count271
 (d:/texlive/2021/texmf-dist/tex/latex/rerunfilecheck/rerunfilecheck.sty
Package: rerunfilecheck 2019/12/05 v1.9 Rerun checks for auxiliary files (HO)
 (d:/texlive/2021/texmf-dist/tex/generic/uniquecounter/uniquecounter.sty
Package: uniquecounter 2019/12/15 v1.4 Provide unlimited unique counter (HO)
)
Package uniquecounter Info: New unique counter `rerunfilecheck' on input line 286.
)
\Hy@SectionHShift=\skip49
) (d:/texlive/2021/texmf-dist/tex/latex/algorithm2e/algorithm2e.sty
Package: algorithm2e 2017/07/18 v5.2 algorithms environments
\c@AlgoLine=\count272
 (d:/texlive/2021/texmf-dist/tex/latex/base/ifthen.sty
Package: ifthen 2020/11/24 v1.1c Standard LaTeX ifthen package (DPC)
)
\algocf@hangindent=\skip50
 (d:/texlive/2021/texmf-dist/tex/latex/ifoddpage/ifoddpage.sty
Package: ifoddpage 2016/04/23 v1.1 Conditionals for odd/even page detection
\c@checkoddpage=\count273
) (d:/texlive/2021/texmf-dist/tex/latex/tools/xspace.sty
Package: xspace 2014/10/28 v1.13 Space after command names (DPC,MH)
) (d:/texlive/2021/texmf-dist/tex/latex/relsize/relsize.sty
Package: relsize 2013/03/29 ver 4.1
)
\skiptotal=\skip51
\skiplinenumber=\skip52
\skiprule=\skip53
\skiphlne=\skip54
\skiptext=\skip55
\skiplength=\skip56
\algomargin=\skip57
\skipalgocfslide=\skip58
\algowidth=\dimen144
\inoutsize=\dimen145
\inoutindent=\dimen146
\interspacetitleruled=\dimen147
\interspacealgoruled=\dimen148
\interspacetitleboxruled=\dimen149
\algocf@ruledwidth=\skip59
\algocf@inoutbox=\box50
\algocf@inputbox=\box51
\AlCapSkip=\skip60
\AlCapHSkip=\skip61
\algoskipindent=\skip62
\algocf@nlbox=\box52
\algocf@hangingbox=\box53
\algocf@untilbox=\box54
\algocf@skipuntil=\skip63
\algocf@capbox=\box55
\algocf@lcaptionbox=\skip64
\algoheightruledefault=\skip65
\algoheightrule=\skip66
\algotitleheightruledefault=\skip67
\algotitleheightrule=\skip68
\c@algocfline=\count274
\c@algocfproc=\count275
\c@algocf=\count276
\algocf@algoframe=\box56
\algocf@algobox=\box57
) (d:/texlive/2021/texmf-dist/tex/latex/base/inputenc.sty
Package: inputenc 2021/02/14 v1.3d Input encoding file
\inpenc@prehook=\toks17
\inpenc@posthook=\toks18
) (d:/texlive/2021/texmf-dist/tex/latex/graphics/graphicx.sty
Package: graphicx 2021/09/16 v1.2d Enhanced LaTeX Graphics (DPC,SPQR)
 (d:/texlive/2021/texmf-dist/tex/latex/graphics/graphics.sty
Package: graphics 2021/03/04 v1.4d Standard LaTeX Graphics (DPC,SPQR)
 (d:/texlive/2021/texmf-dist/tex/latex/graphics/trig.sty
Package: trig 2021/08/11 v1.11 sin cos tan (DPC)
) (d:/texlive/2021/texmf-dist/tex/latex/graphics-cfg/graphics.cfg
File: graphics.cfg 2016/06/04 v1.11 sample graphics configuration
)
Package graphics Info: Driver file: pdftex.def on input line 107.
 (d:/texlive/2021/texmf-dist/tex/latex/graphics-def/pdftex.def
File: pdftex.def 2020/10/05 v1.2a Graphics/color driver for pdftex
))
\Gin@req@height=\dimen150
\Gin@req@width=\dimen151
) (d:/texlive/2021/texmf-dist/tex/latex/lipsum/lipsum.sty (d:/texlive/2021/texmf-dist/tex/latex/l3packages/l3keys2e/l3keys2e.sty (d:/texlive/2021/texmf-dist/tex/latex/l3kernel/expl3.sty
Package: expl3 2022-02-05 L3 programming layer (loader) 
 (d:/texlive/2021/texmf-dist/tex/latex/l3backend/l3backend-pdftex.def
File: l3backend-pdftex.def 2022-02-07 L3 backend support: PDF output (pdfTeX)
\l__color_backend_stack_int=\count277
\l__pdf_internal_box=\box58
))
Package: l3keys2e 2022-01-12 LaTeX2e option processing using LaTeX3 keys
)
Package: lipsum 2021-09-20 v2.7 150 paragraphs of Lorem Ipsum dummy text
\g__lipsum_par_int=\count278
\l__lipsum_a_int=\count279
\l__lipsum_b_int=\count280
 (d:/texlive/2021/texmf-dist/tex/latex/lipsum/lipsum.ltd.tex)) (d:/texlive/2021/texmf-dist/tex/latex/hyphenat/hyphenat.sty
Package: hyphenat 2009/09/02 v2.3c hyphenation utilities
\langwohyphens=\language88
LaTeX Info: Redefining \_ on input line 43.
) (d:/texlive/2021/texmf-dist/tex/latex/graphics/rotating.sty
Package: rotating 2016/08/11 v2.16d rotated objects in LaTeX
\c@r@tfl@t=\count281
\rotFPtop=\skip69
\rotFPbot=\skip70
\rot@float@box=\box59
\rot@mess@toks=\toks19
) (d:/texlive/2021/texmf-dist/tex/latex/booktabs/booktabs.sty
Package: booktabs 2020/01/12 v1.61803398 Publication quality tables
\heavyrulewidth=\dimen152
\lightrulewidth=\dimen153
\cmidrulewidth=\dimen154
\belowrulesep=\dimen155
\belowbottomsep=\dimen156
\aboverulesep=\dimen157
\abovetopsep=\dimen158
\cmidrulesep=\dimen159
\cmidrulekern=\dimen160
\defaultaddspace=\dimen161
\@cmidla=\count282
\@cmidlb=\count283
\@aboverulesep=\dimen162
\@belowrulesep=\dimen163
\@thisruleclass=\count284
\@lastruleclass=\count285
\@thisrulewidth=\dimen164
) (d:/texlive/2021/texmf-dist/tex/latex/graphics/lscape.sty
Package: lscape 2020/05/28 v3.02 Landscape Pages (DPC)
) (d:/texlive/2021/texmf-dist/tex/latex/algorithmicx/algpseudocode.sty
Package: algpseudocode 
 (d:/texlive/2021/texmf-dist/tex/latex/algorithmicx/algorithmicx.sty
Package: algorithmicx 2005/04/27 v1.2 Algorithmicx

Document Style algorithmicx 1.2 - a greatly improved `algorithmic' style
\c@ALG@line=\count286
\c@ALG@rem=\count287
\c@ALG@nested=\count288
\ALG@tlm=\skip71
\ALG@thistlm=\skip72
\c@ALG@Lnr=\count289
\c@ALG@blocknr=\count290
\c@ALG@storecount=\count291
\c@ALG@tmpcounter=\count292
\ALG@tmplength=\skip73
)
Document Style - pseudocode environments for use with the `algorithmicx' style
) (d:/texlive/2021/texmf-dist/tex/latex/base/makeidx.sty
Package: makeidx 2021/10/04 v1.0m Standard LaTeX package
)
\@indexfile=\write3
\openout3 = `"Template Disertasi-Tesis-Proposal Elektro ITS.idx"'.


Writing index file "Template Disertasi-Tesis-Proposal Elektro ITS".idx
(d:/texlive/2021/texmf-dist/tex/latex/graphics/epsfig.sty
Package: epsfig 2017/06/25 v1.7b (e)psfig emulation (SPQR)
\epsfxsize=\dimen165
\epsfysize=\dimen166
) (d:/texlive/2021/texmf-dist/tex/latex/subfig/subfig.sty
Package: subfig 2005/06/28 ver: 1.3 subfig package
 (d:/texlive/2021/texmf-dist/tex/latex/caption/caption.sty
Package: caption 2020/10/26 v3.5g Customizing captions (AR)
 (d:/texlive/2021/texmf-dist/tex/latex/caption/caption3.sty
Package: caption3 2020/10/21 v2.2e caption3 kernel (AR)
\captionmargin=\dimen167
\captionmargin@=\dimen168
\captionwidth=\dimen169
\caption@tempdima=\dimen170
\caption@indent=\dimen171
\caption@parindent=\dimen172
\caption@hangindent=\dimen173
Package caption Info: Standard document class detected.
)
\c@caption@flags=\count293
\c@continuedfloat=\count294
Package caption Info: hyperref package is loaded.
Package caption Info: rotating package is loaded.
)
\c@KVtest=\count295
\sf@farskip=\skip74
\sf@captopadj=\dimen174
\sf@capskip=\skip75
\sf@nearskip=\skip76
\c@subfigure=\count296
\c@subfigure@save=\count297
\c@lofdepth=\count298
\c@subtable=\count299
\c@subtable@save=\count300
\c@lotdepth=\count301
\sf@top=\skip77
\sf@bottom=\skip78
) (d:/texlive/2021/texmf-dist/tex/latex/pdflscape/pdflscape.sty
Package: pdflscape 2019/12/05 v0.12 Display of landscape pages in PDF (HO)
Package pdflscape Info: Auto-detected driver: pdftex on input line 81.
) (d:/texlive/2021/texmf-dist/tex/latex/setspace/setspace.sty
Package: setspace 2011/12/19 v6.7a set line spacing
) (d:/texlive/2021/texmf-dist/tex/latex/type1cm/type1cm.sty
Package: type1cm 2002/09/05 v0.04 BlueSky/Y&Y Type1 CM font definitions (DPC, patched RF)
) (d:/texlive/2021/texmf-dist/tex/latex/tools/longtable.sty
Package: longtable 2021-09-01 v4.17 Multi-page Table package (DPC)
\LTleft=\skip79
\LTright=\skip80
\LTpre=\skip81
\LTpost=\skip82
\LTchunksize=\count302
\LTcapwidth=\dimen175
\LT@head=\box60
\LT@firsthead=\box61
\LT@foot=\box62
\LT@lastfoot=\box63
\LT@gbox=\box64
\LT@cols=\count303
\LT@rows=\count304
\c@LT@tables=\count305
\c@LT@chunks=\count306
\LT@p@ftn=\toks20
) (d:/texlive/2021/texmf-dist/tex/latex/lettrine/lettrine.sty
File: lettrine.sty 2020-03-14 v2.23 (Daniel Flipo)
 (d:/texlive/2021/texmf-dist/tex/generic/minifp/minifp.sty
Package: minifp 2013/12/30 v0.96. Macros for real number operations and a stack-based programing language.
\MFP@loopctr=\count307
)
\c@DefaultLines=\count308
\c@DefaultDepth=\count309
\DefaultFindent=\dimen176
\DefaultNindent=\dimen177
\DefaultSlope=\dimen178
\DiscardVskip=\dimen179
\L@lbox=\box65
\L@tbox=\box66
\c@L@lines=\count310
\c@L@depth=\count311
\L@Pindent=\dimen180
\L@Findent=\dimen181
\L@Nindent=\dimen182
\L@lraise=\dimen183
\L@first=\dimen184
\L@next=\dimen185
\L@slope=\dimen186
\L@height=\dimen187
\L@novskip=\dimen188
\L@target@ht=\dimen189
\L@target@dp=\dimen190
\L@target@tht=\dimen191
\LettrineWidth=\dimen192
\LettrineHeight=\dimen193
\LettrineDepth=\dimen194
\Llist@everypar=\toks21

Loading lettrine.cfg
(d:/texlive/2021/texmf-dist/tex/latex/lettrine/lettrine.cfg)) (d:/texlive/2021/texmf-dist/tex/latex/hyperref/backref.sty
Package: backref 2021/02/04 v1.41 Bibliographical back referencing
) (d:/texlive/2021/texmf-dist/tex/latex/multirow/multirow.sty
Package: multirow 2021/03/15 v2.8 Span multiple rows of a table
\multirow@colwidth=\skip83
\multirow@cntb=\count312
\multirow@dima=\skip84
\bigstrutjot=\dimen195
) (d:/texlive/2021/texmf-dist/tex/latex/xcolor/xcolor.sty
Package: xcolor 2021/10/31 v2.13 LaTeX color extensions (UK)
 (d:/texlive/2021/texmf-dist/tex/latex/graphics-cfg/color.cfg
File: color.cfg 2016/01/02 v1.6 sample color configuration
)
Package xcolor Info: Driver file: pdftex.def on input line 227.
 (d:/texlive/2021/texmf-dist/tex/latex/colortbl/colortbl.sty
Package: colortbl 2020/01/04 v1.0e Color table columns (DPC)
 (d:/texlive/2021/texmf-dist/tex/latex/tools/array.sty
Package: array 2021/10/04 v2.5f Tabular extension package (FMi)
\col@sep=\dimen196
\ar@mcellbox=\box67
\extrarowheight=\dimen197
\NC@list=\toks22
\extratabsurround=\skip85
\backup@length=\skip86
\ar@cellbox=\box68
)
\everycr=\toks23
\minrowclearance=\skip87
)
\rownum=\count313
Package xcolor Info: Model `cmy' substituted by `cmy0' on input line 1352.
Package xcolor Info: Model `hsb' substituted by `rgb' on input line 1356.
Package xcolor Info: Model `RGB' extended on input line 1368.
Package xcolor Info: Model `HTML' substituted by `rgb' on input line 1370.
Package xcolor Info: Model `Hsb' substituted by `hsb' on input line 1371.
Package xcolor Info: Model `tHsb' substituted by `hsb' on input line 1372.
Package xcolor Info: Model `HSB' substituted by `hsb' on input line 1373.
Package xcolor Info: Model `Gray' substituted by `gray' on input line 1374.
Package xcolor Info: Model `wave' substituted by `hsb' on input line 1375.
) (d:/texlive/2021/texmf-dist/tex/latex/eso-pic/eso-pic.sty
Package: eso-pic 2020/10/14 v3.0a eso-pic (RN)
\ESO@tempdima=\dimen198
\ESO@tempdimb=\dimen199
) (d:/texlive/2021/texmf-dist/tex/latex/fancyhdr/fancyhdr.sty
Package: fancyhdr 2021/01/28 v4.0.1 Extensive control of page headers and footers
\f@nch@headwidth=\skip88
\f@nch@O@elh=\skip89
\f@nch@O@erh=\skip90
\f@nch@O@olh=\skip91
\f@nch@O@orh=\skip92
\f@nch@O@elf=\skip93
\f@nch@O@erf=\skip94
\f@nch@O@olf=\skip95
\f@nch@O@orf=\skip96
) (d:/texlive/2021/texmf-dist/tex/latex/etoolbox/etoolbox.sty
Package: etoolbox 2020/10/05 v2.5k e-TeX tools for LaTeX (JAW)
\etb@tempcnta=\count314
) (d:/texlive/2021/texmf-dist/tex/latex/float/float.sty
Package: float 2001/11/08 v1.3d Float enhancements (AL)
\c@float@type=\count315
\float@exts=\toks24
\float@box=\box69
\@float@everytoks=\toks25
\@floatcapt=\box70
) (d:/texlive/2021/texmf-dist/tex/latex/morefloats/morefloats.sty
Package: morefloats 2015/07/22 v1.0h Raise limit of unprocessed floats (HMM)
Package morefloats Info: Maximum number of possible floats asked for: 36
(morefloats)             (i.e. 18 more floats).
(morefloats)             LaTeX might run out of memory before this
(morefloats)             (in which case it will notify you).
)
\@float@every@program=\toks26
\c@program=\count316
 (d:/texlive/2021/texmf-dist/tex/latex/amsmath/amsmath.sty
Package: amsmath 2021/10/15 v2.17l AMS math features
\@mathmargin=\skip97

For additional information on amsmath, use the `?' option.
(d:/texlive/2021/texmf-dist/tex/latex/amsmath/amstext.sty
Package: amstext 2021/08/26 v2.01 AMS text
 (d:/texlive/2021/texmf-dist/tex/latex/amsmath/amsgen.sty
File: amsgen.sty 1999/11/30 v2.0 generic functions
\@emptytoks=\toks27
\ex@=\dimen256
)) (d:/texlive/2021/texmf-dist/tex/latex/amsmath/amsbsy.sty
Package: amsbsy 1999/11/29 v1.2d Bold Symbols
\pmbraise@=\dimen257
) (d:/texlive/2021/texmf-dist/tex/latex/amsmath/amsopn.sty
Package: amsopn 2021/08/26 v2.02 operator names
)
\inf@bad=\count317
LaTeX Info: Redefining \frac on input line 234.
\uproot@=\count318
\leftroot@=\count319
LaTeX Info: Redefining \overline on input line 399.
\classnum@=\count320
\DOTSCASE@=\count321
LaTeX Info: Redefining \ldots on input line 496.
LaTeX Info: Redefining \dots on input line 499.
LaTeX Info: Redefining \cdots on input line 620.
\Mathstrutbox@=\box71
\strutbox@=\box72
\big@size=\dimen258
LaTeX Font Info:    Redeclaring font encoding OML on input line 743.
LaTeX Font Info:    Redeclaring font encoding OMS on input line 744.
\macc@depth=\count322
\c@MaxMatrixCols=\count323
\dotsspace@=\muskip17
\c@parentequation=\count324
\dspbrk@lvl=\count325
\tag@help=\toks28
\row@=\count326
\column@=\count327
\maxfields@=\count328
\andhelp@=\toks29
\eqnshift@=\dimen259
\alignsep@=\dimen260
\tagshift@=\dimen261
\tagwidth@=\dimen262
\totwidth@=\dimen263
\lineht@=\dimen264
\@envbody=\toks30
\multlinegap=\skip98
\multlinetaggap=\skip99
\mathdisplay@stack=\toks31
LaTeX Info: Redefining \[ on input line 2938.
LaTeX Info: Redefining \] on input line 2939.
) (d:/texlive/2021/texmf-dist/tex/latex/ncctools/nccmath.sty
Package: nccmath 2006/01/20 v1.3 Additional Math Commands (NCC)
\NCC@fracrulewidth=\dimen265
) (d:/texlive/2021/texmf-dist/tex/latex/enumitem/enumitem.sty
Package: enumitem 2019/06/20 v3.9 Customized lists
\labelindent=\skip100
\enit@outerparindent=\dimen266
\enit@toks=\toks32
\enit@inbox=\box73
\enit@count@id=\count329
\enitdp@description=\count330
) (d:/texlive/2021/texmf-dist/tex/latex/nonfloat/nonfloat.sty) (d:/texlive/2021/texmf-dist/tex/generic/ulem/ulem.sty
\UL@box=\box74
\UL@hyphenbox=\box75
\UL@skip=\skip101
\UL@hook=\toks33
\UL@height=\dimen267
\UL@pe=\count331
\UL@pixel=\dimen268
\ULC@box=\box76
Package: ulem 2019/11/18
\ULdepth=\dimen269
) (d:/texlive/2021/texmf-dist/tex/latex/pdfpages/pdfpages.sty
Package: pdfpages 2022/01/29 v0.5u Insert pages of external PDF documents (AM)
 (d:/texlive/2021/texmf-dist/tex/latex/tools/calc.sty
Package: calc 2017/05/25 v4.3 Infix arithmetic (KKT,FJ)
\calc@Acount=\count332
\calc@Bcount=\count333
\calc@Adimen=\dimen270
\calc@Bdimen=\dimen271
\calc@Askip=\skip102
\calc@Bskip=\skip103
LaTeX Info: Redefining \setlength on input line 80.
LaTeX Info: Redefining \addtolength on input line 81.
\calc@Ccount=\count334
\calc@Cskip=\skip104
)
\AM@pagewidth=\dimen272
\AM@pageheight=\dimen273
\AM@fboxrule=\dimen274
 (d:/texlive/2021/texmf-dist/tex/latex/pdfpages/pppdftex.def
File: pppdftex.def 2022/01/29 v0.5u Pdfpages driver for pdfTeX (AM)
)
\pdfpages@includegraphics@status=\count335
\AM@pagebox=\box77
\AM@global@opts=\toks34
\AM@pagecnt=\count336
\AM@toc@title=\toks35
\c@AM@survey=\count337
\AM@templatesizebox=\box78
) (d:/texlive/2021/texmf-dist/tex/latex/titlesec/titlesec.sty
Package: titlesec 2021/07/05 v2.14 Sectioning titles
\ttl@box=\box79
\beforetitleunit=\skip105
\aftertitleunit=\skip106
\ttl@plus=\dimen275
\ttl@minus=\dimen276
\ttl@toksa=\toks36
\titlewidth=\dimen277
\titlewidthlast=\dimen278
\titlewidthfirst=\dimen279
) (d:/texlive/2021/texmf-dist/tex/latex/tools/multicol.sty
Package: multicol 2021/10/28 v1.9b multicolumn formatting (FMi)
\c@tracingmulticols=\count338
\mult@box=\box80
\multicol@leftmargin=\dimen280
\c@unbalance=\count339
\c@collectmore=\count340
\doublecol@number=\count341
\multicoltolerance=\count342
\multicolpretolerance=\count343
\full@width=\dimen281
\page@free=\dimen282
\premulticols=\dimen283
\postmulticols=\dimen284
\multicolsep=\skip107
\multicolbaselineskip=\skip108
\partial@page=\box81
\last@line=\box82
\maxbalancingoverflow=\dimen285
\mult@rightbox=\box83
\mult@grightbox=\box84
\mult@firstbox=\box85
\mult@gfirstbox=\box86
\@tempa=\box87
\@tempa=\box88
\@tempa=\box89
\@tempa=\box90
\@tempa=\box91
\@tempa=\box92
\@tempa=\box93
\@tempa=\box94
\@tempa=\box95
\@tempa=\box96
\@tempa=\box97
\@tempa=\box98
\@tempa=\box99
\@tempa=\box100
\@tempa=\box101
\@tempa=\box102
\@tempa=\box103
\@tempa=\box104
\@tempa=\box105
\@tempa=\box106
\@tempa=\box107
\@tempa=\box108
\@tempa=\box109
\@tempa=\box110
\@tempa=\box111
\@tempa=\box112
\@tempa=\box113
\@tempa=\box114
\@tempa=\box115
\@tempa=\box116
\@tempa=\box117
\@tempa=\box118
\@tempa=\box119
\@tempa=\box120
\@tempa=\box121
\@tempa=\box122
\c@minrows=\count344
\c@columnbadness=\count345
\c@finalcolumnbadness=\count346
\last@try=\dimen286
\multicolovershoot=\dimen287
\multicolundershoot=\dimen288
\mult@nat@firstbox=\box123
\colbreak@box=\box124
\mc@col@check@num=\count347
) (d:/texlive/2021/texmf-dist/tex/latex/listings/listings.sty
\lst@mode=\count348
\lst@gtempboxa=\box125
\lst@token=\toks37
\lst@length=\count349
\lst@currlwidth=\dimen289
\lst@column=\count350
\lst@pos=\count351
\lst@lostspace=\dimen290
\lst@width=\dimen291
\lst@newlines=\count352
\lst@lineno=\count353
\lst@maxwidth=\dimen292
 (d:/texlive/2021/texmf-dist/tex/latex/listings/lstmisc.sty
File: lstmisc.sty 2020/03/24 1.8d (Carsten Heinz)
\c@lstnumber=\count354
\lst@skipnumbers=\count355
\lst@framebox=\box126
) (d:/texlive/2021/texmf-dist/tex/latex/listings/listings.cfg
File: listings.cfg 2020/03/24 1.8d listings configuration
))
Package: listings 2020/03/24 1.8d (Carsten Heinz)
 (d:/texlive/2021/texmf-dist/tex/latex/wrapfig/wrapfig.sty
\wrapoverhang=\dimen293
\WF@size=\dimen294
\c@WF@wrappedlines=\count356
\WF@box=\box127
\WF@everypar=\toks38
Package: wrapfig 2003/01/31  v 3.6
) (d:/texlive/2021/texmf-dist/tex/latex/tools/tabularx.sty
Package: tabularx 2020/01/15 v2.11c `tabularx' package (DPC)
\TX@col@width=\dimen295
\TX@old@table=\dimen296
\TX@old@col=\dimen297
\TX@target=\dimen298
\TX@delta=\dimen299
\TX@cols=\count357
\TX@ftn=\toks39
) (d:/texlive/2021/texmf-dist/tex/latex/adjustbox/adjustbox.sty
Package: adjustbox 2020/08/19 v1.3 Adjusting TeX boxes (trim, clip, ...)
 (d:/texlive/2021/texmf-dist/tex/latex/xkeyval/xkeyval.sty
Package: xkeyval 2020/11/20 v2.8 package option processing (HA)
 (d:/texlive/2021/texmf-dist/tex/generic/xkeyval/xkeyval.tex (d:/texlive/2021/texmf-dist/tex/generic/xkeyval/xkvutils.tex
\XKV@toks=\toks40
\XKV@tempa@toks=\toks41
)
\XKV@depth=\count358
File: xkeyval.tex 2014/12/03 v2.7a key=value parser (HA)
)) (d:/texlive/2021/texmf-dist/tex/latex/adjustbox/adjcalc.sty
Package: adjcalc 2012/05/16 v1.1 Provides advanced setlength with multiple back-ends (calc, etex, pgfmath)
) (d:/texlive/2021/texmf-dist/tex/latex/adjustbox/trimclip.sty
Package: trimclip 2020/08/19 v1.2 Trim and clip general TeX material
 (d:/texlive/2021/texmf-dist/tex/latex/collectbox/collectbox.sty
Package: collectbox 2012/05/17 v0.4b Collect macro arguments as boxes
\collectedbox=\box128
)
\tc@llx=\dimen300
\tc@lly=\dimen301
\tc@urx=\dimen302
\tc@ury=\dimen303
Package trimclip Info: Using driver 'tc-pdftex.def'.
 (d:/texlive/2021/texmf-dist/tex/latex/adjustbox/tc-pdftex.def
File: tc-pdftex.def 2019/01/04 v2.2 Clipping driver for pdftex
))
\adjbox@Width=\dimen304
\adjbox@Height=\dimen305
\adjbox@Depth=\dimen306
\adjbox@Totalheight=\dimen307
\adjbox@pwidth=\dimen308
\adjbox@pheight=\dimen309
\adjbox@pdepth=\dimen310
\adjbox@ptotalheight=\dimen311
 (d:/texlive/2021/texmf-dist/tex/latex/varwidth/varwidth.sty
Package: varwidth 2009/03/30 ver 0.92;  Variable-width minipages
\@vwid@box=\box129
\sift@deathcycles=\count359
\@vwid@loff=\dimen312
\@vwid@roff=\dimen313
)) (d:/texlive/2021/texmf-dist/tex/latex/ragged2e/ragged2e.sty
Package: ragged2e 2021/12/15 v3.1 ragged2e Package
\CenteringLeftskip=\skip109
\RaggedLeftLeftskip=\skip110
\RaggedRightLeftskip=\skip111
\CenteringRightskip=\skip112
\RaggedLeftRightskip=\skip113
\RaggedRightRightskip=\skip114
\CenteringParfillskip=\skip115
\RaggedLeftParfillskip=\skip116
\RaggedRightParfillskip=\skip117
\JustifyingParfillskip=\skip118
\CenteringParindent=\skip119
\RaggedLeftParindent=\skip120
\RaggedRightParindent=\skip121
\JustifyingParindent=\skip122
) (d:/texlive/2021/texmf-dist/tex/latex/geometry/geometry.sty
Package: geometry 2020/01/02 v5.9 Page Geometry
 (d:/texlive/2021/texmf-dist/tex/generic/iftex/ifvtex.sty
Package: ifvtex 2019/10/25 v1.7 ifvtex legacy package. Use iftex instead.
)
\Gm@cnth=\count360
\Gm@cntv=\count361
\c@Gm@tempcnt=\count362
\Gm@bindingoffset=\dimen314
\Gm@wd@mp=\dimen315
\Gm@odd@mp=\dimen316
\Gm@even@mp=\dimen317
\Gm@layoutwidth=\dimen318
\Gm@layoutheight=\dimen319
\Gm@layouthoffset=\dimen320
\Gm@layoutvoffset=\dimen321
\Gm@dimlist=\toks42
) (d:/texlive/2021/texmf-dist/tex/latex/natbib/natbib.sty
Package: natbib 2010/09/13 8.31b (PWD, AO)
\bibhang=\skip123
\bibsep=\skip124
LaTeX Info: Redefining \cite on input line 694.
\c@NAT@ctr=\count363
) (d:/texlive/2021/texmf-dist/tex/latex/tools/afterpage.sty
Package: afterpage 2014/10/28 v1.08 After-Page Package (DPC)
\AP@output=\toks43
\AP@partial=\box130
\AP@footins=\box131
) (d:/texlive/2021/texmf-dist/tex/latex/changepage/changepage.sty
Package: changepage 2009/10/20 v1.0c check page and change page layout
\c@cp@cntr=\count364
\cp@tempcnt=\count365
LaTeX Info: Redefining \checkoddpage on input line 59.
)) (./Template Disertasi-Tesis-Proposal Elektro ITS.aux

LaTeX Warning: Label `eq :loss' multiply defined.


LaTeX Warning: Label `eq :cls_loss' multiply defined.


LaTeX Warning: Label `eq :bbox loss' multiply defined.


LaTeX Warning: Label `fig: base_method' multiply defined.


LaTeX Warning: Label `eq :loss' multiply defined.


LaTeX Warning: Label `eq:other Loss' multiply defined.


LaTeX Warning: Label `eq :cls_loss' multiply defined.


LaTeX Warning: Label `eq :bbox loss' multiply defined.


LaTeX Warning: Label `eq :mask loss' multiply defined.

)
\openout1 = `"Template Disertasi-Tesis-Proposal Elektro ITS.aux"'.

LaTeX Font Info:    Checking defaults for OML/cmm/m/it on input line 128.
LaTeX Font Info:    ... okay on input line 128.
LaTeX Font Info:    Checking defaults for OMS/cmsy/m/n on input line 128.
LaTeX Font Info:    ... okay on input line 128.
LaTeX Font Info:    Checking defaults for OT1/cmr/m/n on input line 128.
LaTeX Font Info:    ... okay on input line 128.
LaTeX Font Info:    Checking defaults for T1/cmr/m/n on input line 128.
LaTeX Font Info:    ... okay on input line 128.
LaTeX Font Info:    Checking defaults for TS1/cmr/m/n on input line 128.
LaTeX Font Info:    ... okay on input line 128.
LaTeX Font Info:    Checking defaults for OMX/cmex/m/n on input line 128.
LaTeX Font Info:    ... okay on input line 128.
LaTeX Font Info:    Checking defaults for U/cmr/m/n on input line 128.
LaTeX Font Info:    ... okay on input line 128.
LaTeX Font Info:    Checking defaults for PD1/pdf/m/n on input line 128.
LaTeX Font Info:    ... okay on input line 128.
LaTeX Font Info:    Checking defaults for PU/pdf/m/n on input line 128.
LaTeX Font Info:    ... okay on input line 128.
Package hyperref Info: Link coloring OFF on input line 128.
 (d:/texlive/2021/texmf-dist/tex/latex/hyperref/nameref.sty
Package: nameref 2021-04-02 v2.47 Cross-referencing by name of section
 (d:/texlive/2021/texmf-dist/tex/latex/refcount/refcount.sty
Package: refcount 2019/12/15 v3.6 Data extraction from label references (HO)
) (d:/texlive/2021/texmf-dist/tex/generic/gettitlestring/gettitlestring.sty
Package: gettitlestring 2019/12/15 v1.6 Cleanup title references (HO)
)
\c@section@level=\count366
)
LaTeX Info: Redefining \ref on input line 128.
LaTeX Info: Redefining \pageref on input line 128.
LaTeX Info: Redefining \nameref on input line 128.
 (./Template Disertasi-Tesis-Proposal Elektro ITS.out) (./Template Disertasi-Tesis-Proposal Elektro ITS.out)
\@outlinefile=\write4
\openout4 = `"Template Disertasi-Tesis-Proposal Elektro ITS.out"'.

 (d:/texlive/2021/texmf-dist/tex/context/base/mkii/supp-pdf.mkii
[Loading MPS to PDF converter (version 2006.09.02).]
\scratchcounter=\count367
\scratchdimen=\dimen322
\scratchbox=\box132
\nofMPsegments=\count368
\nofMParguments=\count369
\everyMPshowfont=\toks44
\MPscratchCnt=\count370
\MPscratchDim=\dimen323
\MPnumerator=\count371
\makeMPintoPDFobject=\count372
\everyMPtoPDFconversion=\toks45
) (d:/texlive/2021/texmf-dist/tex/latex/epstopdf-pkg/epstopdf-base.sty
Package: epstopdf-base 2020-01-24 v2.11 Base part for package epstopdf
Package epstopdf-base Info: Redefining graphics rule for `.eps' on input line 485.
 (d:/texlive/2021/texmf-dist/tex/latex/latexconfig/epstopdf-sys.cfg
File: epstopdf-sys.cfg 2010/07/13 v1.3 Configuration of (r)epstopdf for TeX Live
))
Package caption Info: Begin \AtBeginDocument code.
Package caption Info: subfig package v1.3 is loaded.
Package caption Info: `nonfloat' package detected; setting `position=b' for compatibility reasons.
Package caption Info: changepage package is loaded.
\caption@adjustwidth@hsize=\dimen324
\caption@adjustwidth@linewidth=\dimen325
Package caption Info: float package is loaded.
Package caption Info: listings package is loaded.
Package caption Info: longtable package is loaded.
 (d:/texlive/2021/texmf-dist/tex/latex/caption/ltcaption.sty
Package: ltcaption 2020/05/30 v1.4b longtable captions (AR)
)
Package caption Info: wrapfig package is loaded.
Package caption Info: End \AtBeginDocument code.
Package backref Info: ** backref set up for natbib ** on input line 128.
\c@lstlisting=\count373

*geometry* driver: auto-detecting
*geometry* detected driver: pdftex
*geometry* verbose mode - [ preamble ] result:
* driver: pdftex
* paper: a4paper
* layout: <same size as paper>
* layoutoffset:(h,v)=(0.0pt,0.0pt)
* modes: twoside 
* h-part:(L,W,R)=(113.81102pt, 398.3386pt, 85.35826pt)
* v-part:(T,H,B)=(99.58464pt, 660.10394pt, 85.35826pt)
* \paperwidth=597.50787pt
* \paperheight=845.04684pt
* \textwidth=398.3386pt
* \textheight=660.10394pt
* \oddsidemargin=41.54103pt
* \evensidemargin=13.08827pt
* \topmargin=-9.68535pt
* \headheight=12.0pt
* \headsep=25.0pt
* \topskip=12.0pt
* \footskip=30.0pt
* \marginparwidth=85.0pt
* \marginparsep=10.0pt
* \columnsep=10.0pt
* \skip\footins=10.8pt plus 4.0pt minus 2.0pt
* \hoffset=0.0pt
* \voffset=0.0pt
* \mag=1000
* \@twocolumnfalse
* \@twosidetrue
* \@mparswitchtrue
* \@reversemarginfalse
* (1in=72.27pt=25.4mm, 1cm=28.453pt)

(./lib/TataLetak.tex (./lib/cover.tex
LaTeX Font Info:    Trying to load font information for OT1+phv on input line 1.
 (d:/texlive/2021/texmf-dist/tex/latex/psnfss/ot1phv.fd
File: ot1phv.fd 2020/03/25 scalable font definitions for OT1/phv.
)
<lib/LogoITS.png, id=279, 99.5355pt x 99.5355pt>
File: lib/LogoITS.png Graphic file (type png)
<use lib/LogoITS.png>
Package pdftex.def Info: lib/LogoITS.png  used on input line 5.
(pdftex.def)             Requested size: 99.53525pt x 99.53525pt.
<lib/BeltFte.png, id=281, 2830.575pt x 60.225pt>
File: lib/BeltFte.png Graphic file (type png)
<use lib/BeltFte.png>
Package pdftex.def Info: lib/BeltFte.png  used on input line 11.
(pdftex.def)             Requested size: 597.50787pt x 12.71286pt.

Overfull \hbox (17.62482pt too wide) in paragraph at lines 11--13
[][]
 []


Underfull \hbox (badness 10000) in paragraph at lines 35--40

 []

[1

{d:/texlive/2021/texmf-var/fonts/map/pdftex/updmap/pdftex.map} <./lib/LogoITS.png> <./lib/beltFte.png>]) [2

] (./lib/pengesahan.tex
<./lib/background.png, id=297, 1706.375pt x 2208.25pt>
File: ./lib/background.png Graphic file (type png)
<use ./lib/background.png>
Package pdftex.def Info: ./lib/background.png  used on input line 110.
(pdftex.def)             Requested size: 652.98575pt x 845.04684pt.

Overfull \hbox (55.47787pt too wide) has occurred while \output is active
 [][] 
 []

[3 <./lib/BackGround.png>]) [4

] [5

] [6

] (./Ubah/pengantar.tex) [7] [8

] (./Ubah/abstrak.tex (./lib/identitasabstrak.tex
Overfull \hbox (88.73671pt too wide) in paragraph at lines 34--35
[][]
 []


Underfull \hbox (badness 10000) in paragraph at lines 34--35

 []

)) [9] [10

] (./Ubah/abstrakEng.tex (./lib/identitasabstrakEng.tex
Overfull \hbox (128.75157pt too wide) in paragraph at lines 6--13
[][] 
 []

)) [11] [12

] (./Template Disertasi-Tesis-Proposal Elektro ITS.toc [13

])
\tf@toc=\write5
\openout5 = `"Template Disertasi-Tesis-Proposal Elektro ITS.toc"'.

 [14] (./Template Disertasi-Tesis-Proposal Elektro ITS.lof [15


])
\tf@lof=\write6
\openout6 = `"Template Disertasi-Tesis-Proposal Elektro ITS.lof"'.

 [16] (./Template Disertasi-Tesis-Proposal Elektro ITS.lot)
\tf@lot=\write7
\openout7 = `"Template Disertasi-Tesis-Proposal Elektro ITS.lot"'.

 [17


] [18

] (./Ubah/nomenklatur.tex)) (./bab1/bab1.tex
Bab 1.
[1


]
Underfull \vbox (badness 10000) has occurred while \output is active []

 [2] [3] [4]) [5] [6

] (./bab2/bab2.tex
Bab 2.
[7

] [8] [9]
Underfull \vbox (badness 10000) has occurred while \output is active []

 [10] [11] [12]
Underfull \vbox (badness 1158) has occurred while \output is active []

 [13]
Underfull \vbox (badness 10000) has occurred while \output is active []

 [14]
<bab2/ANN 2.png, id=748, 853.1875pt x 335.2525pt>
File: bab2/ANN 2.png Graphic file (type png)
<use bab2/ANN 2.png>
Package pdftex.def Info: bab2/ANN 2.png  used on input line 222.
(pdftex.def)             Requested size: 278.83578pt x 109.56963pt.
 [15 <./bab2/ANN 2.png>]
<bab2/21. sigmoid.png, id=756, 373.395pt x 264.99pt>
File: bab2/21. sigmoid.png Graphic file (type png)
<use bab2/21. sigmoid.png>
Package pdftex.def Info: bab2/21. sigmoid.png  used on input line 252.
(pdftex.def)             Requested size: 199.1693pt x 141.3457pt.
<bab2/22. tanh.png, id=757, 387.4475pt x 264.99pt>
File: bab2/22. tanh.png Graphic file (type png)
<use bab2/22. tanh.png>
Package pdftex.def Info: bab2/22. tanh.png  used on input line 271.
(pdftex.def)             Requested size: 199.1693pt x 136.21866pt.


LaTeX Warning: `!h' float specifier changed to `!ht'.

[16 <./bab2/21. sigmoid.png>]
<bab2/20. Relu.png, id=769, 369.38pt x 264.99pt>
File: bab2/20. Relu.png Graphic file (type png)
<use bab2/20. Relu.png>
Package pdftex.def Info: bab2/20. Relu.png  used on input line 289.
(pdftex.def)             Requested size: 199.1693pt x 142.8822pt.
 [17 <./bab2/22. tanh.png> <./bab2/20. Relu.png>]
<bab2/Contoh Arsitektur CNN.jpeg, id=777, 1204.5pt x 644.4075pt>
File: bab2/Contoh Arsitektur CNN.jpeg Graphic file (type jpg)
<use bab2/Contoh Arsitektur CNN.jpeg>
Package pdftex.def Info: bab2/Contoh Arsitektur CNN.jpeg  used on input line 311.
(pdftex.def)             Requested size: 298.75394pt x 159.83304pt.
<bab2/Convolution.png, id=778, 546.24075pt x 155.3805pt>
File: bab2/Convolution.png Graphic file (type png)
<use bab2/Convolution.png>
Package pdftex.def Info: bab2/Convolution.png  used on input line 331.
(pdftex.def)             Requested size: 278.83578pt x 79.31886pt.


LaTeX Warning: `!h' float specifier changed to `!ht'.

[18 <./bab2/Contoh Arsitektur CNN.jpeg>]
<bab2/Pooling.png, id=784, 333.6465pt x 225.84375pt>
File: bab2/Pooling.png Graphic file (type png)
<use bab2/Pooling.png>
Package pdftex.def Info: bab2/Pooling.png  used on input line 359.
(pdftex.def)             Requested size: 278.83578pt x 188.75287pt.


LaTeX Warning: `!h' float specifier changed to `!ht'.


Underfull \vbox (badness 10000) has occurred while \output is active []

 [19 <./bab2/Convolution.png>]
Underfull \vbox (badness 10000) has occurred while \output is active []

 [20 <./bab2/Pooling.png>]
<bab2/IoU.png, id=797, 1502.61375pt x 464.73625pt>
File: bab2/IoU.png Graphic file (type png)
<use bab2/IoU.png>
Package pdftex.def Info: bab2/IoU.png  used on input line 401.
(pdftex.def)             Requested size: 398.3386pt x 123.19707pt.
 [21 <./bab2/IoU.png>]
<bab2/Two stage.png, id=806, 1196.47pt x 892.33376pt>
File: bab2/Two stage.png Graphic file (type png)
<use bab2/Two stage.png>
Package pdftex.def Info: bab2/Two stage.png  used on input line 422.
(pdftex.def)             Requested size: 398.3386pt x 297.0853pt.

Underfull \vbox (badness 7379) has occurred while \output is active []

 [22 <./bab2/Two stage.png>]
Underfull \vbox (badness 6559) has occurred while \output is active []

 [23]
<bab2/Yolo Archi.png, id=819, 756.8275pt x 321.2pt>
File: bab2/Yolo Archi.png Graphic file (type png)
<use bab2/Yolo Archi.png>
Package pdftex.def Info: bab2/Yolo Archi.png  used on input line 459.
(pdftex.def)             Requested size: 398.3386pt x 169.05891pt.
<bab2/Mask R-CNN Archi.png, id=823, 488.42474pt x 199.947pt>
File: bab2/Mask R-CNN Archi.png Graphic file (type png)
<use bab2/Mask R-CNN Archi.png>
Package pdftex.def Info: bab2/Mask R-CNN Archi.png  used on input line 481.
(pdftex.def)             Requested size: 398.3386pt x 163.07281pt.


LaTeX Warning: `!h' float specifier changed to `!ht'.

[24 <./bab2/Yolo Archi.png>]
Underfull \vbox (badness 1642) has occurred while \output is active []

 [25 <./bab2/Mask R-CNN Archi.png>]
<bab2/ResNet 101-2.png, id=839, 1137.24875pt x 497.86pt>
File: bab2/ResNet 101-2.png Graphic file (type png)
<use bab2/ResNet 101-2.png>
Package pdftex.def Info: bab2/ResNet 101-2.png  used on input line 521.
(pdftex.def)             Requested size: 398.3386pt x 174.38275pt.
 [26 <./bab2/ResNet 101-2.png>] [27] [28] [29] [30]) [31] [32

] (./bab3/bab3.tex
Bab 3.
<bab3/Flow Chart.png, id=895, 826.08624pt x 1125.20375pt>
File: bab3/Flow Chart.png Graphic file (type png)
<use bab3/Flow Chart.png>
Package pdftex.def Info: bab3/Flow Chart.png  used on input line 13.
(pdftex.def)             Requested size: 318.67209pt x 434.05466pt.

LaTeX Warning: `!h' float specifier changed to `!ht'.

[33

]
Underfull \vbox (badness 7256) has occurred while \output is active []

 [34 <./bab3/Flow Chart.png>]
<bab3/Pembentukan Dataset.png, id=906, 1506.62875pt x 712.6625pt>
File: bab3/Pembentukan Dataset.png Graphic file (type png)
<use bab3/Pembentukan Dataset.png>
Package pdftex.def Info: bab3/Pembentukan Dataset.png  used on input line 46.
(pdftex.def)             Requested size: 398.3386pt x 188.4197pt.
<bab3/Konfigurasi tinggi kamera.png, id=907, 970.62625pt x 582.175pt>
File: bab3/Konfigurasi tinggi kamera.png Graphic file (type png)
<use bab3/Konfigurasi tinggi kamera.png>
Package pdftex.def Info: bab3/Konfigurasi tinggi kamera.png  used on input line 63.
(pdftex.def)             Requested size: 278.83578pt x 167.24521pt.


LaTeX Warning: `!h' float specifier changed to `!ht'.

[35 <./bab3/Pembentukan Dataset.png>] [36 <./bab3/Konfigurasi tinggi kamera.png>]
<bab3/Demo Via.jpg, id=920, 392.21532pt x 277.78781pt>
File: bab3/Demo Via.jpg Graphic file (type jpg)
<use bab3/Demo Via.jpg>
Package pdftex.def Info: bab3/Demo Via.jpg  used on input line 104.
(pdftex.def)             Requested size: 278.83578pt x 197.49774pt.
<bab3/Contoh uji coba dataset.png, id=923, 547.44525pt x 207.174pt>
File: bab3/Contoh uji coba dataset.png Graphic file (type png)
<use bab3/Contoh uji coba dataset.png>
Package pdftex.def Info: bab3/Contoh uji coba dataset.png  used on input line 112.
(pdftex.def)             Requested size: 318.67209pt x 120.59723pt.
<bab3/Preprocessing.png, id=926, 1649.16125pt x 1073.00874pt>
File: bab3/Preprocessing.png Graphic file (type png)
<use bab3/Preprocessing.png>
Package pdftex.def Info: bab3/Preprocessing.png  used on input line 123.
(pdftex.def)             Requested size: 278.83578pt x 181.41032pt.


LaTeX Warning: `!h' float specifier changed to `!ht'.

[37 <./bab3/Demo Via.jpg> <./bab3/Contoh uji coba dataset.png>] [38 <./bab3/Preprocessing.png>]
<bab3/Ekstraksi Fitur.png, id=938, 1565.85pt x 1184.425pt>
File: bab3/Ekstraksi Fitur.png Graphic file (type png)
<use bab3/Ekstraksi Fitur.png>
Package pdftex.def Info: bab3/Ekstraksi Fitur.png  used on input line 168.
(pdftex.def)             Requested size: 278.83578pt x 210.91013pt.


LaTeX Warning: `!h' float specifier changed to `!ht'.

[39]
<bab3/Anchor-Boxes-at-a-certain-position-in-the-feature-map.png, id=944, 853.1875pt x 627.34375pt>
File: bab3/Anchor-Boxes-at-a-certain-position-in-the-feature-map.png Graphic file (type png)
<use bab3/Anchor-Boxes-at-a-certain-position-in-the-feature-map.png>
Package pdftex.def Info: bab3/Anchor-Boxes-at-a-certain-position-in-the-feature-map.png  used on input line 198.
(pdftex.def)             Requested size: 278.83578pt x 205.03299pt.


LaTeX Warning: `!h' float specifier changed to `!ht'.


Underfull \vbox (badness 10000) has occurred while \output is active []

 [40 <./bab3/Ekstraksi Fitur.png>]
Underfull \vbox (badness 7740) has occurred while \output is active []

 [41 <./bab3/Anchor-Boxes-at-a-certain-position-in-the-feature-map.png>]
<bab3/Non max suppression.png, id=958, 478.1865pt x 217.41225pt>
File: bab3/Non max suppression.png Graphic file (type png)
<use bab3/Non max suppression.png>
Package pdftex.def Info: bab3/Non max suppression.png  used on input line 224.
(pdftex.def)             Requested size: 278.83578pt x 126.78256pt.
<bab3/Contoh feature map.png, id=961, 1675.25874pt x 856.19875pt>
File: bab3/Contoh feature map.png Graphic file (type png)
<use bab3/Contoh feature map.png>
Package pdftex.def Info: bab3/Contoh feature map.png  used on input line 232.
(pdftex.def)             Requested size: 318.67209pt x 162.86235pt.
 [42 <./bab3/Non max suppression.png> <./bab3/Contoh feature map.png>]
Underfull \vbox (badness 1810) has occurred while \output is active []

 [43] [44]) [45] [46

] (./bab4/bab4.tex
Bab 4.

Underfull \vbox (badness 1205) has occurred while \output is active []

 [47

]
<bab4/Person_class_2.png, id=1004, 751.80875pt x 202.7575pt>
File: bab4/Person_class_2.png Graphic file (type png)
<use bab4/Person_class_2.png>
Package pdftex.def Info: bab4/Person_class_2.png  used on input line 44.
(pdftex.def)             Requested size: 318.67209pt x 85.94649pt.
<bab4/Group_class_2.png, id=1005, 751.80875pt x 203.76125pt>
File: bab4/Group_class_2.png Graphic file (type png)
<use bab4/Group_class_2.png>
Package pdftex.def Info: bab4/Group_class_2.png  used on input line 52.
(pdftex.def)             Requested size: 318.67209pt x 86.37196pt.
<bab4/Crowd_class_2.png, id=1006, 751.80875pt x 202.7575pt>
File: bab4/Crowd_class_2.png Graphic file (type png)
<use bab4/Crowd_class_2.png>
Package pdftex.def Info: bab4/Crowd_class_2.png  used on input line 60.
(pdftex.def)             Requested size: 318.67209pt x 85.94649pt.


LaTeX Warning: `!h' float specifier changed to `!ht'.

[48 <./bab4/Person_class_2.png> <./bab4/Group_class_2.png>]
<bab4/Dataset.png, id=1013, 1695.33376pt x 1585.925pt>
File: bab4/Dataset.png Graphic file (type png)
<use bab4/Dataset.png>
Package pdftex.def Info: bab4/Dataset.png  used on input line 93.
(pdftex.def)             Requested size: 318.67209pt x 298.08618pt.


LaTeX Warning: `!h' float specifier changed to `!ht'.

<bab4/Contoh Bounding Box.png, id=1014, 910.40125pt x 521.95pt>
File: bab4/Contoh Bounding Box.png Graphic file (type png)
<use bab4/Contoh Bounding Box.png>
Package pdftex.def Info: bab4/Contoh Bounding Box.png  used on input line 110.
(pdftex.def)             Requested size: 318.67209pt x 182.70116pt.

LaTeX Warning: `!h' float specifier changed to `!ht'.

[49 <./bab4/Crowd_class_2.png>] [50 <./bab4/Dataset.png> <./bab4/Contoh Bounding Box.png>]
<bab4/Resize Image.png, id=1029, 887.315pt x 887.315pt>
File: bab4/Resize Image.png Graphic file (type png)
<use bab4/Resize Image.png>
Package pdftex.def Info: bab4/Resize Image.png  used on input line 127.
(pdftex.def)             Requested size: 258.91765pt x 258.9124pt.
<bab4/Mini Mask.png, id=1030, 1715.40875pt x 854.19125pt>
File: bab4/Mini Mask.png Graphic file (type png)
<use bab4/Mini Mask.png>
Package pdftex.def Info: bab4/Mini Mask.png  used on input line 142.
(pdftex.def)             Requested size: 318.67209pt x 158.6746pt.


LaTeX Warning: `!h' float specifier changed to `!ht'.


Underfull \vbox (badness 4316) has occurred while \output is active []

 [51 <./bab4/Resize Image.png>]
<bab4/Metodologi_Training_2.png, id=1036, 872.25874pt x 302.12875pt>
File: bab4/Metodologi_Training_2.png Graphic file (type png)
<use bab4/Metodologi_Training_2.png>
Package pdftex.def Info: bab4/Metodologi_Training_2.png  used on input line 157.
(pdftex.def)             Requested size: 318.67209pt x 110.37979pt.
 [52 <./bab4/Mini Mask.png> <./bab4/Metodologi_Training_2.png>]
<bab4/Anchor Box.png, id=1047, 592.2125pt x 580.1675pt>
File: bab4/Anchor Box.png Graphic file (type png)
<use bab4/Anchor Box.png>
Package pdftex.def Info: bab4/Anchor Box.png  used on input line 186.
(pdftex.def)             Requested size: 219.08743pt x 214.63205pt.


LaTeX Warning: `!h' float specifier changed to `!ht'.

<bab4/Anchor Box Positive.png, id=1048, 326.4195pt x 323.40825pt>
File: bab4/Anchor Box Positive.png Graphic file (type png)
<use bab4/Anchor Box Positive.png>
Package pdftex.def Info: bab4/Anchor Box Positive.png  used on input line 194.
(pdftex.def)             Requested size: 199.1693pt x 197.33795pt.

LaTeX Warning: `!h' float specifier changed to `!ht'.

<bab4/Anchor Box Negative.png, id=1049, 326.4195pt x 326.4195pt>
File: bab4/Anchor Box Negative.png Graphic file (type png)
<use bab4/Anchor Box Negative.png>
Package pdftex.def Info: bab4/Anchor Box Negative.png  used on input line 202.
(pdftex.def)             Requested size: 179.25114pt x 179.25732pt.

LaTeX Warning: `!h' float specifier changed to `!ht'.

[53]
<bab4/Prediksi RPN.png, id=1054, 887.315pt x 887.315pt>
File: bab4/Prediksi RPN.png Graphic file (type png)
<use bab4/Prediksi RPN.png>
Package pdftex.def Info: bab4/Prediksi RPN.png  used on input line 221.
(pdftex.def)             Requested size: 199.1693pt x 199.16338pt.


LaTeX Warning: `!h' float specifier changed to `!ht'.

<bab4/Feature Map Example.png, id=1055, 511.9125pt x 252.945pt>
File: bab4/Feature Map Example.png Graphic file (type png)
<use bab4/Feature Map Example.png>
Package pdftex.def Info: bab4/Feature Map Example.png  used on input line 229.
(pdftex.def)             Requested size: 219.08743pt x 108.25476pt.

LaTeX Warning: `!h' float specifier changed to `!ht'.

[54 <./bab4/Anchor Box.png> <./bab4/Anchor Box Positive.png>]

LaTeX Warning: Text page 55 contains only floats.

[55 <./bab4/Anchor Box Negative.png> <./bab4/Prediksi RPN.png> <./bab4/Feature Map Example.png>] [56]
<bab4/1. Loss_Result.png, id=1079, 597.23125pt x 592.2125pt>
File: bab4/1. Loss_Result.png Graphic file (type png)
<use bab4/1. Loss_Result.png>
Package pdftex.def Info: bab4/1. Loss_Result.png  used on input line 303.
(pdftex.def)             Requested size: 219.08743pt x 217.24464pt.


LaTeX Warning: `!h' float specifier changed to `!ht'.

[57]
<bab4/5. RPN_Class_Loss.png, id=1086, 603.25375pt x 592.2125pt>
File: bab4/5. RPN_Class_Loss.png Graphic file (type png)
<use bab4/5. RPN_Class_Loss.png>
Package pdftex.def Info: bab4/5. RPN_Class_Loss.png  used on input line 330.
(pdftex.def)             Requested size: 219.08743pt x 215.07591pt.


LaTeX Warning: `!h' float specifier changed to `!ht'.


Underfull \vbox (badness 10000) has occurred while \output is active []

 [58 <./bab4/1. Loss_Result.png>]
<bab4/6. RPN_Bbox_Loss.png, id=1093, 597.23125pt x 592.2125pt>
File: bab4/6. RPN_Bbox_Loss.png Graphic file (type png)
<use bab4/6. RPN_Bbox_Loss.png>
Package pdftex.def Info: bab4/6. RPN_Bbox_Loss.png  used on input line 344.
(pdftex.def)             Requested size: 219.08743pt x 217.24464pt.
 [59 <./bab4/5. RPN_Class_Loss.png> <./bab4/6. RPN_Bbox_Loss.png>]
<bab4/2. MRCNN_Class_Loss.png, id=1101, 597.23125pt x 592.2125pt>
File: bab4/2. MRCNN_Class_Loss.png Graphic file (type png)
<use bab4/2. MRCNN_Class_Loss.png>
Package pdftex.def Info: bab4/2. MRCNN_Class_Loss.png  used on input line 360.
(pdftex.def)             Requested size: 219.08743pt x 217.24464pt.
<bab4/4. MRCNN_Bbox_Loss.png, id=1103, 597.23125pt x 592.2125pt>
File: bab4/4. MRCNN_Bbox_Loss.png Graphic file (type png)
<use bab4/4. MRCNN_Bbox_Loss.png>
Package pdftex.def Info: bab4/4. MRCNN_Bbox_Loss.png  used on input line 374.
(pdftex.def)             Requested size: 219.08743pt x 217.24464pt.


LaTeX Warning: `!h' float specifier changed to `!ht'.

[60 <./bab4/2. MRCNN_Class_Loss.png>]
<bab4/3. MRCNN_Mask_Loss.png, id=1110, 597.23125pt x 592.2125pt>
File: bab4/3. MRCNN_Mask_Loss.png Graphic file (type png)
<use bab4/3. MRCNN_Mask_Loss.png>
Package pdftex.def Info: bab4/3. MRCNN_Mask_Loss.png  used on input line 389.
(pdftex.def)             Requested size: 219.08743pt x 217.24464pt.


LaTeX Warning: `!h' float specifier changed to `!ht'.

<bab4/Contoh Hasil prediksi 1.png, id=1111, 900.36375pt x 903.375pt>
File: bab4/Contoh Hasil prediksi 1.png Graphic file (type png)
<use bab4/Contoh Hasil prediksi 1.png>
Package pdftex.def Info: bab4/Contoh Hasil prediksi 1.png  used on input line 430.
(pdftex.def)             Requested size: 268.87976pt x 269.774pt.

LaTeX Warning: `!h' float specifier changed to `!ht'.

<bab4/Contoh Hasil prediksi 1.6.png, id=1112, 714.67pt x 728.7225pt>
File: bab4/Contoh Hasil prediksi 1.6.png Graphic file (type png)
<use bab4/Contoh Hasil prediksi 1.6.png>
Package pdftex.def Info: bab4/Contoh Hasil prediksi 1.6.png  used on input line 438.
(pdftex.def)             Requested size: 268.87976pt x 274.17093pt.

LaTeX Warning: `!h' float specifier changed to `!ht'.

<bab4/Contoh Hasil prediksi 1.5.png, id=1113, 373.395pt x 264.99pt>
File: bab4/Contoh Hasil prediksi 1.5.png Graphic file (type png)
<use bab4/Contoh Hasil prediksi 1.5.png>
Package pdftex.def Info: bab4/Contoh Hasil prediksi 1.5.png  used on input line 446.
(pdftex.def)             Requested size: 219.08743pt x 155.48149pt.

LaTeX Warning: `!h' float specifier changed to `!ht'.


Underfull \vbox (badness 1895) has occurred while \output is active []

 [61 <./bab4/4. MRCNN_Bbox_Loss.png>] [62 <./bab4/3. MRCNN_Mask_Loss.png>]

LaTeX Warning: Text page 63 contains only floats.


Overfull \vbox (3.04097pt too high) has occurred while \output is active []

 [63 <./bab4/Contoh Hasil prediksi 1.png> <./bab4/Contoh Hasil prediksi 1.6.png>]
Underfull \vbox (badness 10000) has occurred while \output is active []

 [64 <./bab4/Contoh Hasil prediksi 1.5.png>]
<bab4/Contoh Hasil prediksi 3.png, id=1142, 887.315pt x 903.375pt>
File: bab4/Contoh Hasil prediksi 3.png Graphic file (type png)
<use bab4/Contoh Hasil prediksi 3.png>
Package pdftex.def Info: bab4/Contoh Hasil prediksi 3.png  used on input line 484.
(pdftex.def)             Requested size: 278.83578pt x 283.87541pt.
<bab4/Contoh Hasil prediksi 3.6.png, id=1143, 761.84625pt x 728.7225pt>
File: bab4/Contoh Hasil prediksi 3.6.png Graphic file (type png)
<use bab4/Contoh Hasil prediksi 3.6.png>
Package pdftex.def Info: bab4/Contoh Hasil prediksi 3.6.png  used on input line 492.
(pdftex.def)             Requested size: 278.83578pt x 266.70982pt.


LaTeX Warning: `!h' float specifier changed to `!ht'.

<bab4/Contoh Hasil prediksi 3.5.png, id=1144, 373.395pt x 264.99pt>
File: bab4/Contoh Hasil prediksi 3.5.png Graphic file (type png)
<use bab4/Contoh Hasil prediksi 3.5.png>
Package pdftex.def Info: bab4/Contoh Hasil prediksi 3.5.png  used on input line 500.
(pdftex.def)             Requested size: 278.83578pt x 197.89288pt.

LaTeX Warning: `!h' float specifier changed to `!ht'.

<bab4/Hasil Test.png, id=1145, 1695.33376pt x 1520.68124pt>
File: bab4/Hasil Test.png Graphic file (type png)
<use bab4/Hasil Test.png>
Package pdftex.def Info: bab4/Hasil Test.png  used on input line 508.
(pdftex.def)             Requested size: 219.08743pt x 196.51212pt.

LaTeX Warning: `!h' float specifier changed to `!ht'.

[65 <./bab4/Contoh Hasil prediksi 3.png>] [66 <./bab4/Contoh Hasil prediksi 3.6.png> <./bab4/Contoh Hasil prediksi 3.5.png>]
<bab4/Confusion Matrix.png, id=1158, 450.9347pt x 391.4625pt>
File: bab4/Confusion Matrix.png Graphic file (type png)
<use bab4/Confusion Matrix.png>
Package pdftex.def Info: bab4/Confusion Matrix.png  used on input line 535.
(pdftex.def)             Requested size: 199.1693pt x 172.90108pt.
) [67 <./bab4/Hasil Test.png> <./bab4/Confusion Matrix.png>] [68

] (./bab5/bab5.tex
Bab 5.

Underfull \vbox (badness 10000) has occurred while \output is active []

 [69

]) [70] (./lib/formatbibliography.tex (./Template Disertasi-Tesis-Proposal Elektro ITS.bbl (./Template Disertasi-Tesis-Proposal Elektro ITS.brf)
\tf@brf=\write8
\openout8 = `"Template Disertasi-Tesis-Proposal Elektro ITS.brf"'.

 [71


]
Underfull \hbox (badness 1253) in paragraph at lines 135--135
\OT1/cmr/m/n/12 emergencies / covid-[]19 / information / physical-[]distancing$[], 2022, acces-sed:
 []

[72] [73] [74] [75] [76] [77]
Overfull \hbox (7.18085pt too wide) in paragraph at lines 474--474
\OT1/cmr/m/n/12 understanding-[]accuracy-[]recall-[]precision-[]f1-[]scores-[]and-[]confusion-[]matrices/$[]
 []


Underfull \hbox (badness 10000) in paragraph at lines 474--474

 []

) [78]) (./lib/formatCV.tex (./Ubah/DaftarRiwayatHidup.tex
<./ubah/Foto.jpg, id=1252, 2585.66pt x 3444.87pt>
File: ./ubah/Foto.jpg Graphic file (type jpg)
<use ./ubah/Foto.jpg>
Package pdftex.def Info: ./ubah/Foto.jpg  used on input line 5.
(pdftex.def)             Requested size: 99.06885pt x 132.01877pt.

Overfull \hbox (5.1206pt too wide) in paragraph at lines 9--28
[][] 
 []


Overfull \hbox (5.1206pt too wide) in paragraph at lines 30--46
[][] 
 []

) [79


 <./Ubah/Foto.JPG>] [80

]) (./Template Disertasi-Tesis-Proposal Elektro ITS.aux)

LaTeX Warning: There were multiply-defined labels.

Package rerunfilecheck Info: File `"Template Disertasi-Tesis-Proposal Elektro ITS".out' has not changed.
(rerunfilecheck)             Checksum: 67E4419C6CC24F3A520E5F79F4754BD1;11728.
Package rerunfilecheck Info: File `"Template Disertasi-Tesis-Proposal Elektro ITS".brf' has not changed.
(rerunfilecheck)             Checksum: EEF1C38AAF4F711560D7557E913D2791;4281.
 ) 
Here is how much of TeX's memory you used:
 22495 strings out of 478278
 373041 string characters out of 5850546
 772995 words of memory out of 5000000
 39862 multiletter control sequences out of 15000+600000
 479464 words of font info for 61 fonts, out of 8000000 for 9000
 1147 hyphenation exceptions out of 8191
 74i,12n,82p,1682b,914s stack positions out of 5000i,500n,10000p,200000b,80000s
{d:/texlive/2021/texmf-dist/fonts/enc/dvips/cm-super/cm-super-ts1.enc}<d:/texlive/2021/texmf-dist/fonts/type1/public/amsfonts/cm/cmbx10.pfb><d:/texlive/2021/texmf-dist/fonts/type1/public/amsfonts/cm/cmbx12.pfb><d:/texlive/2021/texmf-dist/fonts/type1/public/amsfonts/cm/cmbxti10.pfb><d:/texlive/2021/texmf-dist/fonts/type1/public/amsfonts/cm/cmex10.pfb><d:/texlive/2021/texmf-dist/fonts/type1/public/amsfonts/cm/cmmi12.pfb><d:/texlive/2021/texmf-dist/fonts/type1/public/amsfonts/cm/cmmi8.pfb><d:/texlive/2021/texmf-dist/fonts/type1/public/amsfonts/cm/cmr10.pfb><d:/texlive/2021/texmf-dist/fonts/type1/public/amsfonts/cm/cmr12.pfb><d:/texlive/2021/texmf-dist/fonts/type1/public/amsfonts/cm/cmr8.pfb><d:/texlive/2021/texmf-dist/fonts/type1/public/amsfonts/cm/cmss12.pfb><d:/texlive/2021/texmf-dist/fonts/type1/public/amsfonts/cm/cmssbx10.pfb><d:/texlive/2021/texmf-dist/fonts/type1/public/amsfonts/cm/cmsy10.pfb><d:/texlive/2021/texmf-dist/fonts/type1/public/amsfonts/cm/cmsy8.pfb><d:/texlive/2021/texmf-dist/fonts/type1/public/amsfonts/cm/cmti10.pfb><d:/texlive/2021/texmf-dist/fonts/type1/public/amsfonts/cm/cmti12.pfb><d:/texlive/2021/texmf-dist/fonts/type1/public/cm-super/sfrm1200.pfb>
Output written on "Template Disertasi-Tesis-Proposal Elektro ITS.pdf" (98 pages, 28285509 bytes).
PDF statistics:
 1406 PDF objects out of 1440 (max. 8388607)
 1155 compressed objects within 12 object streams
 327 named destinations out of 1000 (max. 500000)
 818 words of extra memory for PDF output out of 10000 (max. 10000000)

